Assembler report for MIPS_32bit
Thu Oct 29 18:18:01 2020
Quartus Prime Version 18.0.0 Build 614 04/24/2018 SJ Lite Edition


---------------------
; Table of Contents ;
---------------------
  1. Legal Notice
  2. Assembler Summary
  3. Assembler Settings
  4. Assembler Generated Files
  5. Assembler Device Options: E:/UTS_Current/Academics/2020 Spring/48451 Embedded Systems Studio A/MIPS_32bit/output_files/MIPS_32bit.sof
  6. Assembler Device Options: E:/UTS_Current/Academics/2020 Spring/48451 Embedded Systems Studio A/MIPS_32bit/output_files/MIPS_32bit.pof
  7. Assembler Messages



----------------
; Legal Notice ;
----------------
Copyright (C) 2018  Intel Corporation. All rights reserved.
Your use of Intel Corporation's design tools, logic functions 
and other software and tools, and its AMPP partner logic 
functions, and any output files from any of the foregoing 
(including device programming or simulation files), and any 
associated documentation or information are expressly subject 
to the terms and conditions of the Intel Program License 
Subscription Agreement, the Intel Quartus Prime License Agreement,
the Intel FPGA IP License Agreement, or other applicable license
agreement, including, without limitation, that your use is for
the sole purpose of programming logic devices manufactured by
Intel and sold by Intel or its authorized distributors.  Please
refer to the applicable agreement for further details.



+---------------------------------------------------------------+
; Assembler Summary                                             ;
+-----------------------+---------------------------------------+
; Assembler Status      ; Successful - Thu Oct 29 18:18:01 2020 ;
; Revision Name         ; MIPS_32bit                            ;
; Top-level Entity Name ; Top_Level_Block                       ;
; Family                ; Cyclone IV E                          ;
; Device                ; EP4CE6E22C8                           ;
+-----------------------+---------------------------------------+


+----------------------------------+
; Assembler Settings               ;
+--------+---------+---------------+
; Option ; Setting ; Default Value ;
+--------+---------+---------------+


+-------------------------------------------------------------------------------------------------------------+
; Assembler Generated Files                                                                                   ;
+-------------------------------------------------------------------------------------------------------------+
; File Name                                                                                                   ;
+-------------------------------------------------------------------------------------------------------------+
; E:/UTS_Current/Academics/2020 Spring/48451 Embedded Systems Studio A/MIPS_32bit/output_files/MIPS_32bit.sof ;
; E:/UTS_Current/Academics/2020 Spring/48451 Embedded Systems Studio A/MIPS_32bit/output_files/MIPS_32bit.pof ;
+-------------------------------------------------------------------------------------------------------------+


+---------------------------------------------------------------------------------------------------------------------------------------+
; Assembler Device Options: E:/UTS_Current/Academics/2020 Spring/48451 Embedded Systems Studio A/MIPS_32bit/output_files/MIPS_32bit.sof ;
+----------------+----------------------------------------------------------------------------------------------------------------------+
; Option         ; Setting                                                                                                              ;
+----------------+----------------------------------------------------------------------------------------------------------------------+
; JTAG usercode  ; 0x00305CA4                                                                                                           ;
; Checksum       ; 0x00305CA4                                                                                                           ;
+----------------+----------------------------------------------------------------------------------------------------------------------+


+---------------------------------------------------------------------------------------------------------------------------------------+
; Assembler Device Options: E:/UTS_Current/Academics/2020 Spring/48451 Embedded Systems Studio A/MIPS_32bit/output_files/MIPS_32bit.pof ;
+--------------------+------------------------------------------------------------------------------------------------------------------+
; Option             ; Setting                                                                                                          ;
+--------------------+------------------------------------------------------------------------------------------------------------------+
; JTAG usercode      ; 0x00000000                                                                                                       ;
; Checksum           ; 0x1E1DD54E                                                                                                       ;
; Compression Ratio  ; 2                                                                                                                ;
+--------------------+------------------------------------------------------------------------------------------------------------------+


+--------------------+
; Assembler Messages ;
+--------------------+
Info: *******************************************************************
Info: Running Quartus Prime Assembler
    Info: Version 18.0.0 Build 614 04/24/2018 SJ Lite Edition
    Info: Processing started: Thu Oct 29 18:17:59 2020
Info: Command: quartus_asm --read_settings_files=off --write_settings_files=off MIPS_32bit -c MIPS_32bit
Warning (18236): Number of processors has not been specified which may cause overloading on shared machines.  Set the global assignment NUM_PARALLEL_PROCESSORS in your QSF to an appropriate value for best performance.
Info (115031): Writing out detailed assembly data for power analysis
Info (115030): Assembler is generating device programming files
Info: Quartus Prime Assembler was successful. 0 errors, 1 warning
    Info: Peak virtual memory: 4676 megabytes
    Info: Processing ended: Thu Oct 29 18:18:01 2020
    Info: Elapsed time: 00:00:02
    Info: Total CPU time (on all processors): 00:00:02


